<?xml version="1.0" encoding="UTF-8"?>
<!-- Generated by org.testng.reporters.JUnitReportReporter -->
<testsuite hostname="Keshavaraj" failures="0" tests="1" name="practice.LaunchTheBrowser" time="22.806" errors="0" timestamp="2023-01-31T09:35:18 IST" skipped="0">
  <testcase classname="practice.LaunchTheBrowser" name="launchthebrowserTest" time="22.806"/>
  <system-out/>
</testsuite> <!-- practice.LaunchTheBrowser -->
