<?xml version="1.0" encoding="UTF-8"?>
<!-- Generated by org.testng.reporters.JUnitReportReporter -->
<testsuite hostname="Keshavaraj" failures="0" tests="1" name="task.Launch" time="27.632" errors="0" timestamp="2023-02-09T15:05:23 IST" skipped="0">
  <testcase classname="task.Launch" name="lanchTest" time="27.632"/>
  <system-out/>
</testsuite> <!-- task.Launch -->
