<?xml version="1.0" encoding="UTF-8"?>
<!-- Generated by org.testng.reporters.JUnitReportReporter -->
<testsuite hostname="Keshavaraj" failures="0" tests="1" name="task.Flipkarttask" time="21.124" errors="0" timestamp="2023-02-13T16:14:12 IST" skipped="0">
  <testcase classname="task.Flipkarttask" name="flipkartTest" time="21.124"/>
  <system-out/>
</testsuite> <!-- task.Flipkarttask -->
